<?xml version="1.0" encoding="UTF-8"?>
<!-- Generated by org.testng.reporters.JUnitReportReporter -->
<testsuite skipped="0" hostname="Home" name="allme.VkTests" tests="1" failures="0" timestamp="02 сен 2018 11:39:17 GMT" time="24.057" errors="0">
  <testcase name="login" time="24.057" classname="allme.VkTests"/>
</testsuite> <!-- allme.VkTests -->
